\BOOKMARK [1][-]{section.1}{Projektbeschreibung}{}% 1
\BOOKMARK [2][-]{subsection.1.1}{Danksagung}{section.1}% 2
\BOOKMARK [2][-]{subsection.1.2}{Aufgabenstellung\040durch\040den\040Experten}{section.1}% 3
\BOOKMARK [2][-]{subsection.1.3}{Motivation}{section.1}% 4
\BOOKMARK [2][-]{subsection.1.4}{Iterationsplan}{section.1}% 5
\BOOKMARK [2][-]{subsection.1.5}{Beteiligte\040Personen}{section.1}% 6
\BOOKMARK [1][-]{section.2}{Anforderungsanalyse}{}% 7
\BOOKMARK [2][-]{subsection.2.1}{Zielbestimmung}{section.2}% 8
\BOOKMARK [2][-]{subsection.2.2}{Zielbestimmung}{section.2}% 9
\BOOKMARK [2][-]{subsection.2.3}{Produktfunktionen}{section.2}% 10
\BOOKMARK [1][-]{section.3}{Physikalische und Mathematische Zusammenhänge}{}% 11
\BOOKMARK [2][-]{subsection.3.1}{Physikalische Zusammenhänge}{section.3}% 12
\BOOKMARK [3][-]{subsubsection.3.1.1}{Kinematik\040des\040Doppelpendels}{subsection.3.1}% 13
\BOOKMARK [3][-]{subsubsection.3.1.2}{Kräfte im Doppelpendel}{subsection.3.1}% 14
\BOOKMARK [3][-]{subsubsection.3.1.3}{Umformen\040der\040Gleichungen}{subsection.3.1}% 15
\BOOKMARK [2][-]{subsection.3.2}{Numerische\040Differentialgleichung}{section.3}% 16
\BOOKMARK [2][-]{subsection.3.3}{Numerisches Verfahren zur Berechnung der Lösung}{section.3}% 17
\BOOKMARK [3][-]{subsubsection.3.3.1}{Runge-Kutta\040Algorithmus}{subsection.3.3}% 18
\BOOKMARK [1][-]{section.4}{Umsetzung}{}% 19
\BOOKMARK [2][-]{subsection.4.1}{Verwendete\040Technologien}{section.4}% 20
\BOOKMARK [3][-]{subsubsection.4.1.1}{OO-Sprache\040AS3}{subsection.4.1}% 21
\BOOKMARK [3][-]{subsubsection.4.1.2}{Nummerisches\040Verfahren}{subsection.4.1}% 22
\BOOKMARK [1][-]{section.5}{Software}{}% 23
\BOOKMARK [2][-]{subsection.5.1}{Grafische Oberfläche}{section.5}% 24
